#
# There is insufficient memory for the Java Runtime Environment to continue.
# Native memory allocation (malloc) failed to allocate 32744 bytes. Error detail: Chunk::new
# Possible reasons:
#   The system is out of physical RAM or swap space
#   This process is running with CompressedOops enabled, and the Java Heap may be blocking the growth of the native heap
# Possible solutions:
#   Reduce memory load on the system
#   Increase physical memory or swap space
#   Check if swap backing store is full
#   Decrease Java heap size (-Xmx/-Xms)
#   Decrease number of Java threads
#   Decrease Java thread stack sizes (-Xss)
#   Set larger code cache with -XX:ReservedCodeCacheSize=
#   JVM is running with Unscaled Compressed Oops mode in which the Java heap is
#     placed in the first 4GB address space. The Java Heap base address is the
#     maximum limit for the native heap growth. Please use -XX:HeapBaseMinAddress
#     to set the Java Heap base and to place the Java Heap above 4GB virtual address.
# This output file may be truncated or incomplete.
#
#  Out of Memory Error (arena.cpp:168), pid=33788, tid=33680
#
# JRE version: OpenJDK Runtime Environment Temurin-21.0.9+10 (21.0.9+10) (build 21.0.9+10-LTS)
# Java VM: OpenJDK 64-Bit Server VM Temurin-21.0.9+10 (21.0.9+10-LTS, mixed mode, sharing, tiered, compressed oops, compressed class ptrs, parallel gc, windows-amd64)
# No core dump will be written. Minidumps are not enabled by default on client versions of Windows
#

---------------  S U M M A R Y ------------

Command Line: --add-modules=ALL-SYSTEM --add-opens=java.base/java.util=ALL-UNNAMED --add-opens=java.base/java.lang=ALL-UNNAMED --add-opens=java.base/sun.nio.fs=ALL-UNNAMED -Declipse.application=org.eclipse.jdt.ls.core.id1 -Dosgi.bundles.defaultStartLevel=4 -Declipse.product=org.eclipse.jdt.ls.core.product -Djava.import.generatesMetadataFilesAtProjectRoot=false -DDetectVMInstallationsJob.disabled=true -Dfile.encoding=utf8 -XX:+UseParallelGC -XX:GCTimeRatio=4 -XX:AdaptiveSizePolicyWeight=90 -Dsun.zip.disableMemoryMapping=true -Xmx2G -Xms100m -Xlog:disable -javaagent:c:\Users\ljh\.antigravity\extensions\redhat.java-1.50.0-win32-x64\lombok\lombok-1.18.39-4050.jar -XX:+HeapDumpOnOutOfMemoryError -XX:HeapDumpPath=c:\Users\ljh\AppData\Roaming\Antigravity\User\workspaceStorage\86527db7003fcf8ca02b002ac5f1bc19\redhat.java -Daether.dependencyCollector.impl=bf c:\Users\ljh\.antigravity\extensions\redhat.java-1.50.0-win32-x64\server\plugins\org.eclipse.equinox.launcher_1.7.100.v20251111-0406.jar -configuration c:\Users\ljh\AppData\Roaming\Antigravity\User\globalStorage\redhat.java\1.50.0\config_win -data c:\Users\ljh\AppData\Roaming\Antigravity\User\workspaceStorage\86527db7003fcf8ca02b002ac5f1bc19\redhat.java\jdt_ws --pipe=\\.\pipe\lsp-ecc752b2d7f93882b102c2d3ecf432fd-sock

Host: 13th Gen Intel(R) Core(TM) i7-1360P, 16 cores, 15G,  Windows 11 , 64 bit Build 26100 (10.0.26100.7309)
Time: Tue Dec 30 10:16:55 2025 elapsed time: 34.093554 seconds (0d 0h 0m 34s)

---------------  T H R E A D  ---------------

Current thread (0x000002526b5877d0):  JavaThread "C1 CompilerThread3" daemon [_thread_in_native, id=33680, stack(0x0000005fe7800000,0x0000005fe7900000) (1024K)]


Current CompileTask:
C1:34095 5717       3       org.codehaus.plexus.util.xml.pull.MXParser::parseStartTag (1205 bytes)

Stack: [0x0000005fe7800000,0x0000005fe7900000]
Native frames: (J=compiled Java code, j=interpreted, Vv=VM code, C=native code)
V  [jvm.dll+0x6d6e29]
V  [jvm.dll+0x8b4b76]
V  [jvm.dll+0x8b712e]
V  [jvm.dll+0x8b7813]
V  [jvm.dll+0x283d86]
V  [jvm.dll+0xc66ed]
V  [jvm.dll+0xc6c31]
V  [jvm.dll+0x18bbf9]
V  [jvm.dll+0x183934]
V  [jvm.dll+0x1803de]
V  [jvm.dll+0x16e500]
V  [jvm.dll+0x1572e7]
V  [jvm.dll+0x156c17]
V  [jvm.dll+0x156e44]
V  [jvm.dll+0x15625c]
V  [jvm.dll+0x157fed]
V  [jvm.dll+0x25b29d]
V  [jvm.dll+0x25982a]
V  [jvm.dll+0x3f7ea6]
V  [jvm.dll+0x85e9ad]
V  [jvm.dll+0x6d565d]
C  [ucrtbase.dll+0x37b0]
C  [KERNEL32.DLL+0x2e8d7]
C  [ntdll.dll+0x8c53c]


---------------  P R O C E S S  ---------------

Threads class SMR info:
_java_thread_list=0x000002526e78fab0, length=56, elements={
0x0000025209a7a210, 0x000002520bd8e6b0, 0x000002520be805b0, 0x000002520be87cf0,
0x000002520be8b760, 0x000002520be8ca90, 0x0000025264c39db0, 0x0000025264c423a0,
0x0000025264c450d0, 0x0000025264c36fc0, 0x0000025264c37650, 0x0000025264c37ce0,
0x0000025264c39090, 0x0000025264c38370, 0x0000025264c38a00, 0x0000025264c39720,
0x0000025264c3a440, 0x000002526b350340, 0x000002526b042c60, 0x00000252665fc480,
0x000002526b5877d0, 0x000002526b34d550, 0x000002526b34fcb0, 0x000002526b34cec0,
0x000002526be24540, 0x000002526b3509d0, 0x000002526c3ad150, 0x000002526bfae120,
0x000002526bb69740, 0x00000252669bde10, 0x000002526b351060, 0x000002526b3516f0,
0x000002526b34ef90, 0x000002526b34e270, 0x000002526b351d80, 0x000002526b34e900,
0x000002526b352aa0, 0x000002526b352410, 0x000002526b34f620, 0x000002526b353130,
0x000002526b3537c0, 0x000002526b353e50, 0x000002526b3544e0, 0x000002526dc973d0,
0x000002526dc95990, 0x000002526dc97a60, 0x000002526dc994a0, 0x000002526dc96d40,
0x000002526dc98780, 0x000002526dc980f0, 0x000002526dc98e10, 0x000002526dc96020,
0x000002526dc99b30, 0x000002526dc966b0, 0x000002526dcc87a0, 0x000002526dcc7330
}

Java Threads: ( => current thread )
  0x0000025209a7a210 JavaThread "main"                              [_thread_in_vm, id=26824, stack(0x0000005fe5600000,0x0000005fe5700000) (1024K)]
  0x000002520bd8e6b0 JavaThread "Reference Handler"          daemon [_thread_blocked, id=2516, stack(0x0000005fe5a00000,0x0000005fe5b00000) (1024K)]
  0x000002520be805b0 JavaThread "Finalizer"                  daemon [_thread_blocked, id=35040, stack(0x0000005fe5b00000,0x0000005fe5c00000) (1024K)]
  0x000002520be87cf0 JavaThread "Signal Dispatcher"          daemon [_thread_blocked, id=5400, stack(0x0000005fe5c00000,0x0000005fe5d00000) (1024K)]
  0x000002520be8b760 JavaThread "Attach Listener"            daemon [_thread_blocked, id=3300, stack(0x0000005fe5d00000,0x0000005fe5e00000) (1024K)]
  0x000002520be8ca90 JavaThread "Service Thread"             daemon [_thread_blocked, id=32136, stack(0x0000005fe5e00000,0x0000005fe5f00000) (1024K)]
  0x0000025264c39db0 JavaThread "Monitor Deflation Thread"   daemon [_thread_blocked, id=35360, stack(0x0000005fe5f00000,0x0000005fe6000000) (1024K)]
  0x0000025264c423a0 JavaThread "C2 CompilerThread0"         daemon [_thread_in_native, id=8432, stack(0x0000005fe6000000,0x0000005fe6100000) (1024K)]
  0x0000025264c450d0 JavaThread "C1 CompilerThread0"         daemon [_thread_blocked, id=28784, stack(0x0000005fe6100000,0x0000005fe6200000) (1024K)]
  0x0000025264c36fc0 JavaThread "Common-Cleaner"             daemon [_thread_blocked, id=10504, stack(0x0000005fe6500000,0x0000005fe6600000) (1024K)]
  0x0000025264c37650 JavaThread "Notification Thread"        daemon [_thread_blocked, id=23156, stack(0x0000005fe6800000,0x0000005fe6900000) (1024K)]
  0x0000025264c37ce0 JavaThread "Active Thread: Equinox Container: 33697da3-ab7e-407f-b9b0-418468f4f53c"        [_thread_in_Java, id=7100, stack(0x0000005fe7100000,0x0000005fe7200000) (1024K)]
  0x0000025264c39090 JavaThread "Refresh Thread: Equinox Container: 33697da3-ab7e-407f-b9b0-418468f4f53c" daemon [_thread_blocked, id=26156, stack(0x0000005fe6200000,0x0000005fe6300000) (1024K)]
  0x0000025264c38370 JavaThread "Framework Event Dispatcher: Equinox Container: 33697da3-ab7e-407f-b9b0-418468f4f53c" daemon [_thread_blocked, id=30908, stack(0x0000005fe6300000,0x0000005fe6400000) (1024K)]
  0x0000025264c38a00 JavaThread "Start Level: Equinox Container: 33697da3-ab7e-407f-b9b0-418468f4f53c" daemon [_thread_blocked, id=20836, stack(0x0000005fe6400000,0x0000005fe6500000) (1024K)]
  0x0000025264c39720 JavaThread "Bundle File Closer"         daemon [_thread_blocked, id=15176, stack(0x0000005fe7300000,0x0000005fe7400000) (1024K)]
  0x0000025264c3a440 JavaThread "SCR Component Actor"        daemon [_thread_blocked, id=12808, stack(0x0000005fe7400000,0x0000005fe7500000) (1024K)]
  0x000002526b350340 JavaThread "Worker-JM"                         [_thread_blocked, id=24012, stack(0x0000005fe7600000,0x0000005fe7700000) (1024K)]
  0x000002526b042c60 JavaThread "C1 CompilerThread1"         daemon [_thread_blocked, id=26508, stack(0x0000005fe6600000,0x0000005fe6700000) (1024K)]
  0x00000252665fc480 JavaThread "C1 CompilerThread2"         daemon [_thread_in_vm, id=18528, stack(0x0000005fe7700000,0x0000005fe7800000) (1024K)]
=>0x000002526b5877d0 JavaThread "C1 CompilerThread3"         daemon [_thread_in_native, id=33680, stack(0x0000005fe7800000,0x0000005fe7900000) (1024K)]
  0x000002526b34d550 JavaThread "JNA Cleaner"                daemon [_thread_blocked, id=472, stack(0x0000005fe7900000,0x0000005fe7a00000) (1024K)]
  0x000002526b34fcb0 JavaThread "Worker-0: Updating Maven Dependencies"        [_thread_blocked, id=2564, stack(0x0000005fe7b00000,0x0000005fe7c00000) (1024K)]
  0x000002526b34cec0 JavaThread "Worker-1"                          [_thread_blocked, id=25340, stack(0x0000005fe7c00000,0x0000005fe7d00000) (1024K)]
  0x000002526be24540 JavaThread "C2 CompilerThread1"         daemon [_thread_in_native, id=22288, stack(0x0000005fe7d00000,0x0000005fe7e00000) (1024K)]
  0x000002526b3509d0 JavaThread "Worker-2: Building"                [_thread_in_vm, id=11256, stack(0x0000005fe7e00000,0x0000005fe7f00000) (1024K)]
  0x000002526c3ad150 JavaThread "C2 CompilerThread2"         daemon [_thread_in_native, id=20120, stack(0x0000005fe7f00000,0x0000005fe8000000) (1024K)]
  0x000002526bfae120 JavaThread "C2 CompilerThread3"         daemon [_thread_in_native, id=34928, stack(0x0000005fe8000000,0x0000005fe8100000) (1024K)]
  0x000002526bb69740 JavaThread "C2 CompilerThread4"         daemon [_thread_in_native, id=3368, stack(0x0000005fe8100000,0x0000005fe8200000) (1024K)]
  0x00000252669bde10 JavaThread "C2 CompilerThread5"         daemon [_thread_in_native, id=19388, stack(0x0000005fe8200000,0x0000005fe8300000) (1024K)]
  0x000002526b351060 JavaThread "Java indexing"              daemon [_thread_blocked, id=25632, stack(0x0000005fe8300000,0x0000005fe8400000) (1024K)]
  0x000002526b3516f0 JavaThread "Worker-3: Repository registry initialization"        [_thread_in_vm, id=31028, stack(0x0000005fe8400000,0x0000005fe8500000) (1024K)]
  0x000002526b34ef90 JavaThread "Worker-4: Initialize After Load"        [_thread_blocked, id=6084, stack(0x0000005fe8500000,0x0000005fe8600000) (1024K)]
  0x000002526b34e270 JavaThread "Worker-5: Loading available Gradle versions"        [_thread_in_native, id=3696, stack(0x0000005fe8900000,0x0000005fe8a00000) (1024K)]
  0x000002526b351d80 JavaThread "Worker-6"                          [_thread_blocked, id=19000, stack(0x0000005fe8a00000,0x0000005fe8b00000) (1024K)]
  0x000002526b34e900 JavaThread "Worker-7"                          [_thread_blocked, id=23596, stack(0x0000005fe8b00000,0x0000005fe8c00000) (1024K)]
  0x000002526b352aa0 JavaThread "Thread-1"                   daemon [_thread_in_native, id=8568, stack(0x0000005fe8c00000,0x0000005fe8d00000) (1024K)]
  0x000002526b352410 JavaThread "Thread-2"                   daemon [_thread_in_native, id=34292, stack(0x0000005fe8d00000,0x0000005fe8e00000) (1024K)]
  0x000002526b34f620 JavaThread "Thread-3"                   daemon [_thread_in_native, id=3876, stack(0x0000005fe8e00000,0x0000005fe8f00000) (1024K)]
  0x000002526b353130 JavaThread "Thread-4"                   daemon [_thread_in_native, id=8044, stack(0x0000005fe8f00000,0x0000005fe9000000) (1024K)]
  0x000002526b3537c0 JavaThread "Thread-5"                   daemon [_thread_in_native, id=24972, stack(0x0000005fe9000000,0x0000005fe9100000) (1024K)]
  0x000002526b353e50 JavaThread "Thread-6"                   daemon [_thread_in_native, id=31456, stack(0x0000005fe9100000,0x0000005fe9200000) (1024K)]
  0x000002526b3544e0 JavaThread "Thread-7"                   daemon [_thread_in_native, id=9024, stack(0x0000005fe9200000,0x0000005fe9300000) (1024K)]
  0x000002526dc973d0 JavaThread "Thread-8"                   daemon [_thread_in_native, id=10696, stack(0x0000005fe9300000,0x0000005fe9400000) (1024K)]
  0x000002526dc95990 JavaThread "Thread-9"                   daemon [_thread_in_native, id=32692, stack(0x0000005fe9400000,0x0000005fe9500000) (1024K)]
  0x000002526dc97a60 JavaThread "Thread-10"                  daemon [_thread_in_native, id=30400, stack(0x0000005fe9500000,0x0000005fe9600000) (1024K)]
  0x000002526dc994a0 JavaThread "Thread-11"                  daemon [_thread_in_native, id=12520, stack(0x0000005fe9600000,0x0000005fe9700000) (1024K)]
  0x000002526dc96d40 JavaThread "Thread-12"                  daemon [_thread_in_native, id=27188, stack(0x0000005fe9700000,0x0000005fe9800000) (1024K)]
  0x000002526dc98780 JavaThread "Thread-13"                  daemon [_thread_in_native, id=25468, stack(0x0000005fe9800000,0x0000005fe9900000) (1024K)]
  0x000002526dc980f0 JavaThread "Thread-14"                  daemon [_thread_in_native, id=34092, stack(0x0000005fe9900000,0x0000005fe9a00000) (1024K)]
  0x000002526dc98e10 JavaThread "Thread-15"                  daemon [_thread_in_native, id=26424, stack(0x0000005fe9a00000,0x0000005fe9b00000) (1024K)]
  0x000002526dc96020 JavaThread "Thread-16"                  daemon [_thread_in_native, id=33284, stack(0x0000005fe9b00000,0x0000005fe9c00000) (1024K)]
  0x000002526dc99b30 JavaThread "Thread-17"                  daemon [_thread_in_native, id=20276, stack(0x0000005fe9c00000,0x0000005fe9d00000) (1024K)]
  0x000002526dc966b0 JavaThread "pool-2-thread-1"                   [_thread_blocked, id=34740, stack(0x0000005fe9d00000,0x0000005fe9e00000) (1024K)]
  0x000002526dcc87a0 JavaThread "C2 CompilerThread6"         daemon [_thread_in_native, id=1128, stack(0x0000005fe9e00000,0x0000005fe9f00000) (1024K)]
  0x000002526dcc7330 JavaThread "C2 CompilerThread7"         daemon [_thread_in_native, id=32128, stack(0x0000005fe9f00000,0x0000005fea000000) (1024K)]
Total: 56

Other Threads:
  0x000002520bd724a0 VMThread "VM Thread"                           [id=18800, stack(0x0000005fe5900000,0x0000005fe5a00000) (1024K)]
  0x000002520bc6ca00 WatcherThread "VM Periodic Task Thread"        [id=24632, stack(0x0000005fe5800000,0x0000005fe5900000) (1024K)]
  0x000002520bdfcd40 WorkerThread "GC Thread#0"                     [id=17356, stack(0x0000005fe5700000,0x0000005fe5800000) (1024K)]
  0x0000025266bc1710 WorkerThread "GC Thread#1"                     [id=34124, stack(0x0000005fe6900000,0x0000005fe6a00000) (1024K)]
  0x000002526b0b1b40 WorkerThread "GC Thread#2"                     [id=8340, stack(0x0000005fe6a00000,0x0000005fe6b00000) (1024K)]
  0x0000025266bc1ab0 WorkerThread "GC Thread#3"                     [id=31824, stack(0x0000005fe6b00000,0x0000005fe6c00000) (1024K)]
  0x0000025266aca120 WorkerThread "GC Thread#4"                     [id=13024, stack(0x0000005fe6c00000,0x0000005fe6d00000) (1024K)]
  0x0000025266b92430 WorkerThread "GC Thread#5"                     [id=12404, stack(0x0000005fe6d00000,0x0000005fe6e00000) (1024K)]
  0x0000025266b927d0 WorkerThread "GC Thread#6"                     [id=20212, stack(0x0000005fe6e00000,0x0000005fe6f00000) (1024K)]
  0x000002526b16aa90 WorkerThread "GC Thread#7"                     [id=33580, stack(0x0000005fe7200000,0x0000005fe7300000) (1024K)]
  0x000002526b3e9a30 WorkerThread "GC Thread#8"                     [id=34500, stack(0x0000005fe6700000,0x0000005fe6800000) (1024K)]
  0x000002526b3e9dd0 WorkerThread "GC Thread#9"                     [id=34056, stack(0x0000005fe6f00000,0x0000005fe7000000) (1024K)]
  0x000002526b3ea170 WorkerThread "GC Thread#10"                    [id=16748, stack(0x0000005fe7000000,0x0000005fe7100000) (1024K)]
  0x000002526b3ea8b0 WorkerThread "GC Thread#11"                    [id=13920, stack(0x0000005fe7500000,0x0000005fe7600000) (1024K)]
  0x000002526b3ea510 WorkerThread "GC Thread#12"                    [id=27660, stack(0x0000005fe7a00000,0x0000005fe7b00000) (1024K)]
Total: 15

Threads with active compile tasks:
C2 CompilerThread0  34137 5258       4       org.eclipse.osgi.internal.loader.BundleLoader::addExportedProvidersFor (167 bytes)
C1 CompilerThread0  34137 5785       3       java.io.StreamTokenizer::read (38 bytes)
C1 CompilerThread1  34138 5784       3       java.io.BufferedReader::ensureOpen (18 bytes)
C1 CompilerThread2  34139 5783       3       org.eclipse.osgi.container.ModuleDatabase$Persistence::writeWire (147 bytes)
C1 CompilerThread3  34139 5717       3       org.codehaus.plexus.util.xml.pull.MXParser::parseStartTag (1205 bytes)
C2 CompilerThread1  34139 5764       4       java.util.HashMap::getNode (150 bytes)
C2 CompilerThread2  34140 5599       4       sun.nio.cs.StreamDecoder::lockedRead (189 bytes)
C2 CompilerThread3  34140 5738       4       sun.nio.cs.StreamDecoder::implRead (232 bytes)
C2 CompilerThread4  34141 5047   !   4       org.eclipse.osgi.internal.loader.classpath.ClasspathManager::findClassImpl (328 bytes)
C2 CompilerThread5  34141 5471   !   4       org.eclipse.osgi.internal.loader.BundleLoader::findClass0 (490 bytes)
C2 CompilerThread6  34141 5711 %     4       java.io.DataOutputStream::writeUTF @ 10 (389 bytes)
C2 CompilerThread7  34142 5602       4       java.io.InputStreamReader::read (11 bytes)
Total: 12

VM state: not at safepoint (normal execution)

VM Mutex/Monitor currently owned by a thread: None

Heap address: 0x0000000080000000, size: 2048 MB, Compressed Oops mode: 32-bit

CDS archive(s) mapped at: [0x0000025223000000-0x0000025223ba0000-0x0000025223ba0000), size 12189696, SharedBaseAddress: 0x0000025223000000, ArchiveRelocationMode: 1.
Compressed class space mapped at: 0x0000025224000000-0x0000025264000000, reserved size: 1073741824
Narrow klass base: 0x0000025223000000, Narrow klass shift: 0, Narrow klass range: 0x100000000

GC Precious Log:
 CardTable entry size: 512
 CPUs: 16 total, 16 available
 Memory: 16060M
 Large Page Support: Disabled
 NUMA Support: Disabled
 Compressed Oops: Enabled (32-bit)
 Alignments: Space 512K, Generation 512K, Heap 2M
 Heap Min Capacity: 100M
 Heap Initial Capacity: 100M
 Heap Max Capacity: 2G
 Pre-touch: Disabled
 Parallel Workers: 13

Heap:
 PSYoungGen      total 23552K, used 9747K [0x00000000d5580000, 0x00000000d7180000, 0x0000000100000000)
  eden space 22016K, 37% used [0x00000000d5580000,0x00000000d5d865b8,0x00000000d6b00000)
  from space 1536K, 99% used [0x00000000d7000000,0x00000000d717e6b0,0x00000000d7180000)
  to   space 2048K, 0% used [0x00000000d6d80000,0x00000000d6d80000,0x00000000d6f80000)
 ParOldGen       total 68608K, used 18749K [0x0000000080000000, 0x0000000084300000, 0x00000000d5580000)
  object space 68608K, 27% used [0x0000000080000000,0x000000008124f7d0,0x0000000084300000)
 Metaspace       used 37115K, committed 38208K, reserved 1114112K
  class space    used 3840K, committed 4352K, reserved 1048576K

Card table byte_map: [0x000002520b780000,0x000002520bb90000] _byte_map_base: 0x000002520b380000

Marking Bits: (ParMarkBitMap*) 0x00007ffadb8b2460
 Begin Bits: [0x000002521e290000, 0x0000025220290000)
 End Bits:   [0x0000025220290000, 0x0000025222290000)

Polling page: 0x0000025209f60000

Metaspace:

Usage:
  Non-class:     32.50 MB used.
      Class:      3.75 MB used.
       Both:     36.25 MB used.

Virtual space:
  Non-class space:       64.00 MB reserved,      33.06 MB ( 52%) committed,  1 nodes.
      Class space:        1.00 GB reserved,       4.25 MB ( <1%) committed,  1 nodes.
             Both:        1.06 GB reserved,      37.31 MB (  3%) committed. 

Chunk freelists:
   Non-Class:  14.30 MB
       Class:  11.80 MB
        Both:  26.09 MB

MaxMetaspaceSize: unlimited
CompressedClassSpaceSize: 1.00 GB
Initial GC threshold: 21.00 MB
Current GC threshold: 58.38 MB
CDS: on
 - commit_granule_bytes: 65536.
 - commit_granule_words: 8192.
 - virtual_space_node_default_size: 8388608.
 - enlarge_chunks_in_place: 1.
 - use_allocation_guard: 0.


Internal statistics:

num_allocs_failed_limit: 6.
num_arena_births: 750.
num_arena_deaths: 14.
num_vsnodes_births: 2.
num_vsnodes_deaths: 0.
num_space_committed: 598.
num_space_uncommitted: 0.
num_chunks_returned_to_freelist: 20.
num_chunks_taken_from_freelist: 2358.
num_chunk_merges: 10.
num_chunk_splits: 1448.
num_chunks_enlarged: 817.
num_inconsistent_stats: 0.

CodeHeap 'non-profiled nmethods': size=119168Kb used=2508Kb max_used=2702Kb free=116660Kb
 bounds [0x0000025216b80000, 0x0000025216e30000, 0x000002521dfe0000]
CodeHeap 'profiled nmethods': size=119104Kb used=11055Kb max_used=11594Kb free=108048Kb
 bounds [0x000002520efe0000, 0x000002520fb40000, 0x0000025216430000]
CodeHeap 'non-nmethods': size=7488Kb used=3053Kb max_used=3092Kb free=4434Kb
 bounds [0x0000025216430000, 0x00000252167a0000, 0x0000025216b80000]
CodeCache: size=245760Kb, used=16616Kb, max_used=17388Kb, free=229142Kb
 total_blobs=5820, nmethods=5155, adapters=568, full_count=0
Compilation: enabled, stopped_count=0, restarted_count=0

Compilation events (20 events):
Event: 32.062 Thread 0x000002526b042c60 5691       1       org.codehaus.plexus.util.xml.pull.MXParser::getEventType (5 bytes)
Event: 32.062 Thread 0x000002526b5877d0 nmethod 5690 0x000002520f454c10 code [0x000002520f454dc0, 0x000002520f455040]
Event: 32.062 Thread 0x000002526dcc87a0 5711 %     4       java.io.DataOutputStream::writeUTF @ 10 (389 bytes)
Event: 32.062 Thread 0x000002526b042c60 nmethod 5691 0x0000025216c6df10 code [0x0000025216c6e0a0, 0x0000025216c6e168]
Event: 32.062 Thread 0x000002526b5877d0 5717       3       org.codehaus.plexus.util.xml.pull.MXParser::parseStartTag (1205 bytes)
Event: 32.063 Thread 0x000002526b042c60 5655       3       java.io.DataOutputStream::writeLong (30 bytes)
Event: 32.063 Thread 0x0000025264c450d0 5656       3       jdk.internal.util.ByteArray::setLong (10 bytes)
Event: 32.063 Thread 0x000002526b042c60 nmethod 5655 0x000002520f1d5290 code [0x000002520f1d5460, 0x000002520f1d5738]
Event: 32.064 Thread 0x000002526b042c60 5657       3       java.lang.invoke.VarHandleGuards::guard_LIJ_V (135 bytes)
Event: 32.064 Thread 0x0000025264c450d0 nmethod 5656 0x000002520f1c3790 code [0x000002520f1c39a0, 0x000002520f1c4050]
Event: 32.064 Thread 0x00000252665fc480 nmethod 5714 0x000002520f0c2310 code [0x000002520f0c2740, 0x000002520f0c4680]
Event: 32.064 Thread 0x0000025264c450d0 5723       3       org.codehaus.plexus.util.xml.pull.MXParser::isWhitespace (115 bytes)
Event: 32.066 Thread 0x0000025264c450d0 nmethod 5723 0x000002520f247290 code [0x000002520f2474c0, 0x000002520f247ca0]
Event: 32.066 Thread 0x00000252665fc480 5727       3       java.util.HashMap::getNode (150 bytes)
Event: 32.067 Thread 0x0000025264c450d0 5726       3       java.util.HashMap::get (19 bytes)
Event: 32.067 Thread 0x000002526bfae120 nmethod 5686 0x0000025216c6d710 code [0x0000025216c6d8a0, 0x0000025216c6db08]
Event: 32.067 Thread 0x0000025264c450d0 nmethod 5726 0x000002520f4c9990 code [0x000002520f4c9b40, 0x000002520f4c9cf0]
Event: 32.068 Thread 0x0000025264c450d0 5719       3       org.codehaus.plexus.util.xml.pull.MXParser::newString (11 bytes)
Event: 32.068 Thread 0x00000252665fc480 nmethod 5727 0x000002520f0aaa90 code [0x000002520f0aace0, 0x000002520f0ab810]
Event: 34.087 Thread 0x000002526b042c60 nmethod 5657 0x000002520f406c10 code [0x000002520f407020, 0x000002520f409390]

GC Heap History (20 events):
Event: 29.110 GC heap before
{Heap before GC invocations=7 (full 0):
 PSYoungGen      total 30208K, used 24544K [0x00000000d5580000, 0x00000000d7980000, 0x0000000100000000)
  eden space 24576K, 77% used [0x00000000d5580000,0x00000000d67ff140,0x00000000d6d80000)
  from space 5632K, 99% used [0x00000000d7400000,0x00000000d7979278,0x00000000d7980000)
  to   space 6144K, 0% used [0x00000000d6d80000,0x00000000d6d80000,0x00000000d7380000)
 ParOldGen       total 68608K, used 8152K [0x0000000080000000, 0x0000000084300000, 0x00000000d5580000)
  object space 68608K, 11% used [0x0000000080000000,0x00000000807f61e0,0x0000000084300000)
 Metaspace       used 20643K, committed 21504K, reserved 1114112K
  class space    used 2175K, committed 2560K, reserved 1048576K
}
Event: 29.112 GC heap after
{Heap after GC invocations=7 (full 0):
 PSYoungGen      total 29696K, used 4686K [0x00000000d5580000, 0x00000000d7780000, 0x0000000100000000)
  eden space 24576K, 0% used [0x00000000d5580000,0x00000000d5580000,0x00000000d6d80000)
  from space 5120K, 91% used [0x00000000d6d80000,0x00000000d7213818,0x00000000d7280000)
  to   space 5120K, 0% used [0x00000000d7280000,0x00000000d7280000,0x00000000d7780000)
 ParOldGen       total 68608K, used 9540K [0x0000000080000000, 0x0000000084300000, 0x00000000d5580000)
  object space 68608K, 13% used [0x0000000080000000,0x00000000809510a8,0x0000000084300000)
 Metaspace       used 20643K, committed 21504K, reserved 1114112K
  class space    used 2175K, committed 2560K, reserved 1048576K
}
Event: 29.112 GC heap before
{Heap before GC invocations=8 (full 1):
 PSYoungGen      total 29696K, used 4686K [0x00000000d5580000, 0x00000000d7780000, 0x0000000100000000)
  eden space 24576K, 0% used [0x00000000d5580000,0x00000000d5580000,0x00000000d6d80000)
  from space 5120K, 91% used [0x00000000d6d80000,0x00000000d7213818,0x00000000d7280000)
  to   space 5120K, 0% used [0x00000000d7280000,0x00000000d7280000,0x00000000d7780000)
 ParOldGen       total 68608K, used 9540K [0x0000000080000000, 0x0000000084300000, 0x00000000d5580000)
  object space 68608K, 13% used [0x0000000080000000,0x00000000809510a8,0x0000000084300000)
 Metaspace       used 20643K, committed 21504K, reserved 1114112K
  class space    used 2175K, committed 2560K, reserved 1048576K
}
Event: 29.138 GC heap after
{Heap after GC invocations=8 (full 1):
 PSYoungGen      total 29696K, used 0K [0x00000000d5580000, 0x00000000d7780000, 0x0000000100000000)
  eden space 24576K, 0% used [0x00000000d5580000,0x00000000d5580000,0x00000000d6d80000)
  from space 5120K, 0% used [0x00000000d6d80000,0x00000000d6d80000,0x00000000d7280000)
  to   space 5120K, 0% used [0x00000000d7280000,0x00000000d7280000,0x00000000d7780000)
 ParOldGen       total 68608K, used 13586K [0x0000000080000000, 0x0000000084300000, 0x00000000d5580000)
  object space 68608K, 19% used [0x0000000080000000,0x0000000080d449f0,0x0000000084300000)
 Metaspace       used 20631K, committed 21504K, reserved 1114112K
  class space    used 2171K, committed 2560K, reserved 1048576K
}
Event: 29.307 GC heap before
{Heap before GC invocations=9 (full 1):
 PSYoungGen      total 29696K, used 24576K [0x00000000d5580000, 0x00000000d7780000, 0x0000000100000000)
  eden space 24576K, 100% used [0x00000000d5580000,0x00000000d6d80000,0x00000000d6d80000)
  from space 5120K, 0% used [0x00000000d6d80000,0x00000000d6d80000,0x00000000d7280000)
  to   space 5120K, 0% used [0x00000000d7280000,0x00000000d7280000,0x00000000d7780000)
 ParOldGen       total 68608K, used 13586K [0x0000000080000000, 0x0000000084300000, 0x00000000d5580000)
  object space 68608K, 19% used [0x0000000080000000,0x0000000080d449f0,0x0000000084300000)
 Metaspace       used 22502K, committed 23360K, reserved 1114112K
  class space    used 2318K, committed 2688K, reserved 1048576K
}
Event: 29.309 GC heap after
{Heap after GC invocations=9 (full 1):
 PSYoungGen      total 27136K, used 2919K [0x00000000d5580000, 0x00000000d7580000, 0x0000000100000000)
  eden space 24064K, 0% used [0x00000000d5580000,0x00000000d5580000,0x00000000d6d00000)
  from space 3072K, 95% used [0x00000000d7280000,0x00000000d7559da0,0x00000000d7580000)
  to   space 4096K, 0% used [0x00000000d6d80000,0x00000000d6d80000,0x00000000d7180000)
 ParOldGen       total 68608K, used 13594K [0x0000000080000000, 0x0000000084300000, 0x00000000d5580000)
  object space 68608K, 19% used [0x0000000080000000,0x0000000080d469f0,0x0000000084300000)
 Metaspace       used 22502K, committed 23360K, reserved 1114112K
  class space    used 2318K, committed 2688K, reserved 1048576K
}
Event: 29.571 GC heap before
{Heap before GC invocations=10 (full 1):
 PSYoungGen      total 27136K, used 26983K [0x00000000d5580000, 0x00000000d7580000, 0x0000000100000000)
  eden space 24064K, 100% used [0x00000000d5580000,0x00000000d6d00000,0x00000000d6d00000)
  from space 3072K, 95% used [0x00000000d7280000,0x00000000d7559da0,0x00000000d7580000)
  to   space 4096K, 0% used [0x00000000d6d80000,0x00000000d6d80000,0x00000000d7180000)
 ParOldGen       total 68608K, used 13594K [0x0000000080000000, 0x0000000084300000, 0x00000000d5580000)
  object space 68608K, 19% used [0x0000000080000000,0x0000000080d469f0,0x0000000084300000)
 Metaspace       used 25440K, committed 26304K, reserved 1114112K
  class space    used 2507K, committed 2880K, reserved 1048576K
}
Event: 29.572 GC heap after
{Heap after GC invocations=10 (full 1):
 PSYoungGen      total 25088K, used 1214K [0x00000000d5580000, 0x00000000d7300000, 0x0000000100000000)
  eden space 23552K, 0% used [0x00000000d5580000,0x00000000d5580000,0x00000000d6c80000)
  from space 1536K, 79% used [0x00000000d6d80000,0x00000000d6eafba0,0x00000000d6f00000)
  to   space 2048K, 0% used [0x00000000d7100000,0x00000000d7100000,0x00000000d7300000)
 ParOldGen       total 68608K, used 13602K [0x0000000080000000, 0x0000000084300000, 0x00000000d5580000)
  object space 68608K, 19% used [0x0000000080000000,0x0000000080d489f0,0x0000000084300000)
 Metaspace       used 25440K, committed 26304K, reserved 1114112K
  class space    used 2507K, committed 2880K, reserved 1048576K
}
Event: 29.737 GC heap before
{Heap before GC invocations=11 (full 1):
 PSYoungGen      total 25088K, used 24766K [0x00000000d5580000, 0x00000000d7300000, 0x0000000100000000)
  eden space 23552K, 100% used [0x00000000d5580000,0x00000000d6c80000,0x00000000d6c80000)
  from space 1536K, 79% used [0x00000000d6d80000,0x00000000d6eafba0,0x00000000d6f00000)
  to   space 2048K, 0% used [0x00000000d7100000,0x00000000d7100000,0x00000000d7300000)
 ParOldGen       total 68608K, used 13602K [0x0000000080000000, 0x0000000084300000, 0x00000000d5580000)
  object space 68608K, 19% used [0x0000000080000000,0x0000000080d489f0,0x0000000084300000)
 Metaspace       used 27241K, committed 28096K, reserved 1114112K
  class space    used 2642K, committed 3008K, reserved 1048576K
}
Event: 29.738 GC heap after
{Heap after GC invocations=11 (full 1):
 PSYoungGen      total 25088K, used 1691K [0x00000000d5580000, 0x00000000d7300000, 0x0000000100000000)
  eden space 23040K, 0% used [0x00000000d5580000,0x00000000d5580000,0x00000000d6c00000)
  from space 2048K, 82% used [0x00000000d7100000,0x00000000d72a6da0,0x00000000d7300000)
  to   space 2048K, 0% used [0x00000000d6f00000,0x00000000d6f00000,0x00000000d7100000)
 ParOldGen       total 68608K, used 15019K [0x0000000080000000, 0x0000000084300000, 0x00000000d5580000)
  object space 68608K, 21% used [0x0000000080000000,0x0000000080eaae40,0x0000000084300000)
 Metaspace       used 27241K, committed 28096K, reserved 1114112K
  class space    used 2642K, committed 3008K, reserved 1048576K
}
Event: 30.161 GC heap before
{Heap before GC invocations=12 (full 1):
 PSYoungGen      total 25088K, used 24731K [0x00000000d5580000, 0x00000000d7300000, 0x0000000100000000)
  eden space 23040K, 100% used [0x00000000d5580000,0x00000000d6c00000,0x00000000d6c00000)
  from space 2048K, 82% used [0x00000000d7100000,0x00000000d72a6da0,0x00000000d7300000)
  to   space 2048K, 0% used [0x00000000d6f00000,0x00000000d6f00000,0x00000000d7100000)
 ParOldGen       total 68608K, used 15019K [0x0000000080000000, 0x0000000084300000, 0x00000000d5580000)
  object space 68608K, 21% used [0x0000000080000000,0x0000000080eaae40,0x0000000084300000)
 Metaspace       used 30217K, committed 31168K, reserved 1114112K
  class space    used 2921K, committed 3328K, reserved 1048576K
}
Event: 30.165 GC heap after
{Heap after GC invocations=12 (full 1):
 PSYoungGen      total 24576K, used 2045K [0x00000000d5580000, 0x00000000d7380000, 0x0000000100000000)
  eden space 22528K, 0% used [0x00000000d5580000,0x00000000d5580000,0x00000000d6b80000)
  from space 2048K, 99% used [0x00000000d6f00000,0x00000000d70ff438,0x00000000d7100000)
  to   space 2560K, 0% used [0x00000000d7100000,0x00000000d7100000,0x00000000d7380000)
 ParOldGen       total 68608K, used 16531K [0x0000000080000000, 0x0000000084300000, 0x00000000d5580000)
  object space 68608K, 24% used [0x0000000080000000,0x0000000081024c58,0x0000000084300000)
 Metaspace       used 30217K, committed 31168K, reserved 1114112K
  class space    used 2921K, committed 3328K, reserved 1048576K
}
Event: 30.516 GC heap before
{Heap before GC invocations=13 (full 1):
 PSYoungGen      total 24576K, used 24573K [0x00000000d5580000, 0x00000000d7380000, 0x0000000100000000)
  eden space 22528K, 100% used [0x00000000d5580000,0x00000000d6b80000,0x00000000d6b80000)
  from space 2048K, 99% used [0x00000000d6f00000,0x00000000d70ff438,0x00000000d7100000)
  to   space 2560K, 0% used [0x00000000d7100000,0x00000000d7100000,0x00000000d7380000)
 ParOldGen       total 68608K, used 16531K [0x0000000080000000, 0x0000000084300000, 0x00000000d5580000)
  object space 68608K, 24% used [0x0000000080000000,0x0000000081024c58,0x0000000084300000)
 Metaspace       used 32998K, committed 34048K, reserved 1114112K
  class space    used 3286K, committed 3776K, reserved 1048576K
}
Event: 30.518 GC heap after
{Heap after GC invocations=13 (full 1):
 PSYoungGen      total 23552K, used 1245K [0x00000000d5580000, 0x00000000d7280000, 0x0000000100000000)
  eden space 22016K, 0% used [0x00000000d5580000,0x00000000d5580000,0x00000000d6b00000)
  from space 1536K, 81% used [0x00000000d7100000,0x00000000d72377d0,0x00000000d7280000)
  to   space 2560K, 0% used [0x00000000d6d80000,0x00000000d6d80000,0x00000000d7000000)
 ParOldGen       total 68608K, used 18374K [0x0000000080000000, 0x0000000084300000, 0x00000000d5580000)
  object space 68608K, 26% used [0x0000000080000000,0x00000000811f1bd8,0x0000000084300000)
 Metaspace       used 32998K, committed 34048K, reserved 1114112K
  class space    used 3286K, committed 3776K, reserved 1048576K
}
Event: 30.689 GC heap before
{Heap before GC invocations=14 (full 1):
 PSYoungGen      total 23552K, used 17214K [0x00000000d5580000, 0x00000000d7280000, 0x0000000100000000)
  eden space 22016K, 72% used [0x00000000d5580000,0x00000000d6518280,0x00000000d6b00000)
  from space 1536K, 81% used [0x00000000d7100000,0x00000000d72377d0,0x00000000d7280000)
  to   space 2560K, 0% used [0x00000000d6d80000,0x00000000d6d80000,0x00000000d7000000)
 ParOldGen       total 68608K, used 18374K [0x0000000080000000, 0x0000000084300000, 0x00000000d5580000)
  object space 68608K, 26% used [0x0000000080000000,0x00000000811f1bd8,0x0000000084300000)
 Metaspace       used 34859K, committed 35840K, reserved 1114112K
  class space    used 3546K, committed 3968K, reserved 1048576K
}
Event: 30.692 GC heap after
{Heap after GC invocations=14 (full 1):
 PSYoungGen      total 24576K, used 822K [0x00000000d5580000, 0x00000000d7180000, 0x0000000100000000)
  eden space 22016K, 0% used [0x00000000d5580000,0x00000000d5580000,0x00000000d6b00000)
  from space 2560K, 32% used [0x00000000d6d80000,0x00000000d6e4d8e0,0x00000000d7000000)
  to   space 1536K, 0% used [0x00000000d7000000,0x00000000d7000000,0x00000000d7180000)
 ParOldGen       total 68608K, used 19305K [0x0000000080000000, 0x0000000084300000, 0x00000000d5580000)
  object space 68608K, 28% used [0x0000000080000000,0x00000000812da718,0x0000000084300000)
 Metaspace       used 34859K, committed 35840K, reserved 1114112K
  class space    used 3546K, committed 3968K, reserved 1048576K
}
Event: 30.692 GC heap before
{Heap before GC invocations=15 (full 2):
 PSYoungGen      total 24576K, used 822K [0x00000000d5580000, 0x00000000d7180000, 0x0000000100000000)
  eden space 22016K, 0% used [0x00000000d5580000,0x00000000d5580000,0x00000000d6b00000)
  from space 2560K, 32% used [0x00000000d6d80000,0x00000000d6e4d8e0,0x00000000d7000000)
  to   space 1536K, 0% used [0x00000000d7000000,0x00000000d7000000,0x00000000d7180000)
 ParOldGen       total 68608K, used 19305K [0x0000000080000000, 0x0000000084300000, 0x00000000d5580000)
  object space 68608K, 28% used [0x0000000080000000,0x00000000812da718,0x0000000084300000)
 Metaspace       used 34859K, committed 35840K, reserved 1114112K
  class space    used 3546K, committed 3968K, reserved 1048576K
}
Event: 30.718 GC heap after
{Heap after GC invocations=15 (full 2):
 PSYoungGen      total 24576K, used 0K [0x00000000d5580000, 0x00000000d7180000, 0x0000000100000000)
  eden space 22016K, 0% used [0x00000000d5580000,0x00000000d5580000,0x00000000d6b00000)
  from space 2560K, 0% used [0x00000000d6d80000,0x00000000d6d80000,0x00000000d7000000)
  to   space 1536K, 0% used [0x00000000d7000000,0x00000000d7000000,0x00000000d7180000)
 ParOldGen       total 68608K, used 18685K [0x0000000080000000, 0x0000000084300000, 0x00000000d5580000)
  object space 68608K, 27% used [0x0000000080000000,0x000000008123f7d0,0x0000000084300000)
 Metaspace       used 34859K, committed 35840K, reserved 1114112K
  class space    used 3546K, committed 3968K, reserved 1048576K
}
Event: 32.049 GC heap before
{Heap before GC invocations=16 (full 2):
 PSYoungGen      total 24576K, used 22016K [0x00000000d5580000, 0x00000000d7180000, 0x0000000100000000)
  eden space 22016K, 100% used [0x00000000d5580000,0x00000000d6b00000,0x00000000d6b00000)
  from space 2560K, 0% used [0x00000000d6d80000,0x00000000d6d80000,0x00000000d7000000)
  to   space 1536K, 0% used [0x00000000d7000000,0x00000000d7000000,0x00000000d7180000)
 ParOldGen       total 68608K, used 18685K [0x0000000080000000, 0x0000000084300000, 0x00000000d5580000)
  object space 68608K, 27% used [0x0000000080000000,0x000000008123f7d0,0x0000000084300000)
 Metaspace       used 36659K, committed 37760K, reserved 1114112K
  class space    used 3785K, committed 4288K, reserved 1048576K
}
Event: 32.051 GC heap after
{Heap after GC invocations=16 (full 2):
 PSYoungGen      total 23552K, used 1529K [0x00000000d5580000, 0x00000000d7180000, 0x0000000100000000)
  eden space 22016K, 0% used [0x00000000d5580000,0x00000000d5580000,0x00000000d6b00000)
  from space 1536K, 99% used [0x00000000d7000000,0x00000000d717e6b0,0x00000000d7180000)
  to   space 2048K, 0% used [0x00000000d6d80000,0x00000000d6d80000,0x00000000d6f80000)
 ParOldGen       total 68608K, used 18749K [0x0000000080000000, 0x0000000084300000, 0x00000000d5580000)
  object space 68608K, 27% used [0x0000000080000000,0x000000008124f7d0,0x0000000084300000)
 Metaspace       used 36659K, committed 37760K, reserved 1114112K
  class space    used 3785K, committed 4288K, reserved 1048576K
}

Dll operation events (11 events):
Event: 0.144 Loaded shared library c:\Users\ljh\.antigravity\extensions\redhat.java-1.50.0-win32-x64\jre\21.0.9-win32-x86_64\bin\java.dll
Event: 0.193 Loaded shared library c:\Users\ljh\.antigravity\extensions\redhat.java-1.50.0-win32-x64\jre\21.0.9-win32-x86_64\bin\zip.dll
Event: 0.257 Loaded shared library C:\Users\ljh\.antigravity\extensions\redhat.java-1.50.0-win32-x64\jre\21.0.9-win32-x86_64\bin\instrument.dll
Event: 0.267 Loaded shared library C:\Users\ljh\.antigravity\extensions\redhat.java-1.50.0-win32-x64\jre\21.0.9-win32-x86_64\bin\net.dll
Event: 0.273 Loaded shared library C:\Users\ljh\.antigravity\extensions\redhat.java-1.50.0-win32-x64\jre\21.0.9-win32-x86_64\bin\nio.dll
Event: 0.275 Loaded shared library C:\Users\ljh\.antigravity\extensions\redhat.java-1.50.0-win32-x64\jre\21.0.9-win32-x86_64\bin\zip.dll
Event: 0.296 Loaded shared library C:\Users\ljh\.antigravity\extensions\redhat.java-1.50.0-win32-x64\jre\21.0.9-win32-x86_64\bin\jimage.dll
Event: 0.369 Loaded shared library c:\Users\ljh\.antigravity\extensions\redhat.java-1.50.0-win32-x64\jre\21.0.9-win32-x86_64\bin\verify.dll
Event: 14.250 Loaded shared library C:\Users\ljh\AppData\Roaming\Antigravity\User\globalStorage\redhat.java\1.50.0\config_win\org.eclipse.equinox.launcher\org.eclipse.equinox.launcher.win32.win32.x86_64_1.2.1400.v20250801-0854\eclipse_11916.dll
Event: 28.562 Loaded shared library C:\Users\ljh\AppData\Local\Temp\jna-107178\jna6641408961174523957.dll
Event: 30.959 Loaded shared library C:\Users\ljh\.antigravity\extensions\redhat.java-1.50.0-win32-x64\jre\21.0.9-win32-x86_64\bin\sunmscapi.dll

Deoptimization events (20 events):
Event: 32.055 Thread 0x0000025264c37ce0 Uncommon trap: trap_request=0xffffff45 fr.pc=0x0000025216bfea40 relative=0x0000000000000680
Event: 32.055 Thread 0x0000025264c37ce0 Uncommon trap: reason=unstable_if action=reinterpret pc=0x0000025216bfea40 method=java.util.HashMap.putVal(ILjava/lang/Object;Ljava/lang/Object;ZZ)Ljava/lang/Object; @ 94 c2
Event: 32.055 Thread 0x0000025264c37ce0 DEOPT PACKING pc=0x0000025216bfea40 sp=0x0000005fe71fe9d0
Event: 32.055 Thread 0x0000025264c37ce0 DEOPT UNPACKING pc=0x0000025216483aa2 sp=0x0000005fe71fe8f0 mode 2
Event: 32.059 Thread 0x000002526b34e270 Uncommon trap: trap_request=0xffffff45 fr.pc=0x0000025216d73f68 relative=0x0000000000000328
Event: 32.059 Thread 0x000002526b34e270 Uncommon trap: reason=unstable_if action=reinterpret pc=0x0000025216d73f68 method=java.util.regex.Pattern.newSlice([IIZ)Ljava/util/regex/Pattern$Node; @ 10 c2
Event: 32.059 Thread 0x000002526b34e270 DEOPT PACKING pc=0x0000025216d73f68 sp=0x0000005fe89faf10
Event: 32.059 Thread 0x000002526b34e270 DEOPT UNPACKING pc=0x0000025216483aa2 sp=0x0000005fe89fae90 mode 2
Event: 32.064 Thread 0x0000025264c37ce0 Uncommon trap: trap_request=0xffffff45 fr.pc=0x0000025216c20428 relative=0x0000000000000148
Event: 32.064 Thread 0x0000025264c37ce0 Uncommon trap: reason=unstable_if action=reinterpret pc=0x0000025216c20428 method=java.util.HashMap.getNode(Ljava/lang/Object;)Ljava/util/HashMap$Node; @ 66 c2
Event: 32.065 Thread 0x0000025264c37ce0 DEOPT PACKING pc=0x0000025216c20428 sp=0x0000005fe71feb60
Event: 32.065 Thread 0x0000025264c37ce0 DEOPT UNPACKING pc=0x0000025216483aa2 sp=0x0000005fe71fea70 mode 2
Event: 32.065 Thread 0x0000025264c37ce0 Uncommon trap: trap_request=0xffffff45 fr.pc=0x0000025216c1fc28 relative=0x0000000000000148
Event: 32.065 Thread 0x0000025264c37ce0 Uncommon trap: reason=unstable_if action=reinterpret pc=0x0000025216c1fc28 method=java.util.HashMap.getNode(Ljava/lang/Object;)Ljava/util/HashMap$Node; @ 66 c2
Event: 32.065 Thread 0x000002526b3516f0 Uncommon trap: trap_request=0xffffff45 fr.pc=0x0000025216cb6430 relative=0x0000000000000110
Event: 32.065 Thread 0x0000025264c37ce0 DEOPT PACKING pc=0x0000025216c1fc28 sp=0x0000005fe71fea80
Event: 32.065 Thread 0x0000025264c37ce0 DEOPT UNPACKING pc=0x0000025216483aa2 sp=0x0000005fe71fea00 mode 2
Event: 32.065 Thread 0x000002526b3516f0 Uncommon trap: reason=unstable_if action=reinterpret pc=0x0000025216cb6430 method=java.util.ArrayList.indexOfRange(Ljava/lang/Object;II)I @ 7 c2
Event: 32.065 Thread 0x000002526b3516f0 DEOPT PACKING pc=0x0000025216cb6430 sp=0x0000005fe84fe730
Event: 32.065 Thread 0x000002526b3516f0 DEOPT UNPACKING pc=0x0000025216483aa2 sp=0x0000005fe84fe6b0 mode 2

Classes loaded (20 events):
Event: 32.033 Loading class javax/crypto/Cipher$Transform done
Event: 32.034 Loading class com/sun/crypto/provider/SunJCE
Event: 32.051 Loading class com/sun/crypto/provider/SunJCE done
Event: 32.053 Loading class java/lang/foreign/MemorySegment
Event: 32.054 Loading class java/lang/foreign/MemorySegment done
Event: 32.055 Loading class javax/crypto/JceSecurity
Event: 32.055 Loading class javax/crypto/JceSecurity done
Event: 32.056 Loading class javax/crypto/JceSecurity$1
Event: 32.056 Loading class javax/crypto/JceSecurity$1 done
Event: 32.058 Loading class sun/nio/fs/Globs
Event: 32.058 Loading class sun/nio/fs/Globs done
Event: 32.059 Loading class java/util/regex/Pattern$SliceU
Event: 32.060 Loading class java/util/regex/Pattern$SliceU done
Event: 32.060 Loading class sun/nio/fs/WindowsFileSystem$2
Event: 32.060 Loading class java/nio/file/PathMatcher
Event: 32.060 Loading class java/nio/file/PathMatcher done
Event: 32.060 Loading class sun/nio/fs/WindowsFileSystem$2 done
Event: 32.061 Loading class java/nio/file/Files$1
Event: 32.061 Loading class java/nio/file/Files$1 done
Event: 32.080 Loading class javax/crypto/CryptoPermissions

Classes unloaded (7 events):
Event: 29.117 Thread 0x000002520bd724a0 Unloading class 0x00000252241a8800 'java/lang/invoke/LambdaForm$MH+0x00000252241a8800'
Event: 29.117 Thread 0x000002520bd724a0 Unloading class 0x00000252241a8400 'java/lang/invoke/LambdaForm$MH+0x00000252241a8400'
Event: 29.117 Thread 0x000002520bd724a0 Unloading class 0x00000252241a8000 'java/lang/invoke/LambdaForm$MH+0x00000252241a8000'
Event: 29.117 Thread 0x000002520bd724a0 Unloading class 0x00000252241a7c00 'java/lang/invoke/LambdaForm$MH+0x00000252241a7c00'
Event: 29.117 Thread 0x000002520bd724a0 Unloading class 0x00000252241a7800 'java/lang/invoke/LambdaForm$BMH+0x00000252241a7800'
Event: 29.117 Thread 0x000002520bd724a0 Unloading class 0x00000252241a7400 'java/lang/invoke/LambdaForm$DMH+0x00000252241a7400'
Event: 29.117 Thread 0x000002520bd724a0 Unloading class 0x00000252241a6400 'java/lang/invoke/LambdaForm$DMH+0x00000252241a6400'

Classes redefined (0 events):
No events

Internal exceptions (20 events):
Event: 30.283 Thread 0x000002526b3509d0 Exception <a 'sun/nio/fs/WindowsException'{0x00000000d5d6bf20}> (0x00000000d5d6bf20) 
thrown [s\src\hotspot\share\prims\jni.cpp, line 520]
Event: 30.283 Thread 0x000002526b3509d0 Exception <a 'sun/nio/fs/WindowsException'{0x00000000d5d6c8e8}> (0x00000000d5d6c8e8) 
thrown [s\src\hotspot\share\prims\jni.cpp, line 520]
Event: 30.284 Thread 0x000002526b3509d0 Exception <a 'sun/nio/fs/WindowsException'{0x00000000d5d7bea8}> (0x00000000d5d7bea8) 
thrown [s\src\hotspot\share\prims\jni.cpp, line 520]
Event: 30.284 Thread 0x000002526b3509d0 Exception <a 'sun/nio/fs/WindowsException'{0x00000000d5d7c870}> (0x00000000d5d7c870) 
thrown [s\src\hotspot\share\prims\jni.cpp, line 520]
Event: 30.293 Thread 0x000002526b3509d0 Exception <a 'sun/nio/fs/WindowsException'{0x00000000d5db7010}> (0x00000000d5db7010) 
thrown [s\src\hotspot\share\prims\jni.cpp, line 520]
Event: 30.293 Thread 0x000002526b3509d0 Exception <a 'sun/nio/fs/WindowsException'{0x00000000d5db79d8}> (0x00000000d5db79d8) 
thrown [s\src\hotspot\share\prims\jni.cpp, line 520]
Event: 30.295 Thread 0x000002526b3516f0 Exception <a 'java/lang/NoSuchMethodError'{0x00000000d5e20818}: 'java.lang.Object java.lang.invoke.DirectMethodHandle$Holder.invokeSpecialIFC(java.lang.Object, java.lang.Object, java.lang.Object, java.lang.Object)'> (0x00000000d5e20818) 
thrown [s\src\hotspot\share\interpreter\linkResolver.cpp, line 773]
Event: 30.301 Thread 0x000002526b3509d0 Exception <a 'sun/nio/fs/WindowsException'{0x00000000d5e4f978}> (0x00000000d5e4f978) 
thrown [s\src\hotspot\share\prims\jni.cpp, line 520]
Event: 30.301 Thread 0x000002526b3509d0 Exception <a 'sun/nio/fs/WindowsException'{0x00000000d5e50090}> (0x00000000d5e50090) 
thrown [s\src\hotspot\share\prims\jni.cpp, line 520]
Event: 30.317 Thread 0x0000025264c38a00 Exception <a 'java/io/FileNotFoundException'{0x00000000d5e0c530}> (0x00000000d5e0c530) 
thrown [s\src\hotspot\share\prims\jni.cpp, line 520]
Event: 30.373 Thread 0x0000025264c38a00 Exception <a 'java/lang/UnsatisfiedLinkError'{0x00000000d613bcd0}: 지정된 프로시저를 찾을 수 없습니다.
> (0x00000000d613bcd0) 
thrown [s\src\hotspot\share\prims\jni.cpp, line 539]
Event: 30.380 Thread 0x0000025264c38a00 Exception <a 'java/io/FileNotFoundException'{0x00000000d6153a40}> (0x00000000d6153a40) 
thrown [s\src\hotspot\share\prims\jni.cpp, line 520]
Event: 30.404 Thread 0x0000025264c38a00 Exception <a 'java/io/FileNotFoundException'{0x00000000d62d1a00}> (0x00000000d62d1a00) 
thrown [s\src\hotspot\share\prims\jni.cpp, line 520]
Event: 30.414 Thread 0x0000025264c38a00 Exception <a 'java/lang/UnsatisfiedLinkError'{0x00000000d6303b20}: 지정된 프로시저를 찾을 수 없습니다.
> (0x00000000d6303b20) 
thrown [s\src\hotspot\share\prims\jni.cpp, line 539]
Event: 30.499 Thread 0x0000025209a7a210 Exception <a 'java/lang/NoSuchMethodError'{0x00000000d6a5f390}: 'java.lang.Object java.lang.invoke.DirectMethodHandle$Holder.invokeStatic(java.lang.Object, long, java.lang.Object)'> (0x00000000d6a5f390) 
thrown [s\src\hotspot\share\interpreter\linkResolver.cpp, line 773]
Event: 30.501 Thread 0x0000025209a7a210 Exception <a 'java/lang/NoSuchMethodError'{0x00000000d6a78240}: 'java.lang.Object java.lang.invoke.DirectMethodHandle$Holder.invokeStaticInit(java.lang.Object, long, java.lang.Object)'> (0x00000000d6a78240) 
thrown [s\src\hotspot\share\interpreter\linkResolver.cpp, line 773]
Event: 30.503 Thread 0x0000025209a7a210 Exception <a 'java/lang/NoSuchMethodError'{0x00000000d6a9ef00}: 'java.lang.Object java.lang.invoke.DirectMethodHandle$Holder.newInvokeSpecial(java.lang.Object, long)'> (0x00000000d6a9ef00) 
thrown [s\src\hotspot\share\interpreter\linkResolver.cpp, line 773]
Event: 30.601 Thread 0x000002526b3509d0 Exception <a 'java/io/FileNotFoundException'{0x00000000d5c14ea8}> (0x00000000d5c14ea8) 
thrown [s\src\hotspot\share\prims\jni.cpp, line 520]
Event: 30.956 Thread 0x000002526b3516f0 Exception <a 'java/lang/NoClassDefFoundError'{0x00000000d65a3f08}: javax/enterprise/inject/Typed> (0x00000000d65a3f08) 
thrown [s\src\hotspot\share\classfile\systemDictionary.cpp, line 301]
Event: 32.057 Thread 0x000002526b34e270 Exception <a 'sun/nio/fs/WindowsException'{0x00000000d5723808}> (0x00000000d5723808) 
thrown [s\src\hotspot\share\prims\jni.cpp, line 520]

ZGC Phase Switch (0 events):
No events

VM Operations (20 events):
Event: 30.159 Executing VM operation: HandshakeAllThreads (Deoptimize) done
Event: 30.161 Executing VM operation: ParallelGCFailedAllocation (Allocation Failure)
Event: 30.165 Executing VM operation: ParallelGCFailedAllocation (Allocation Failure) done
Event: 30.220 Executing VM operation: HandshakeAllThreads (Deoptimize)
Event: 30.220 Executing VM operation: HandshakeAllThreads (Deoptimize) done
Event: 30.513 Executing VM operation: ParallelGCFailedAllocation (Allocation Failure)
Event: 30.518 Executing VM operation: ParallelGCFailedAllocation (Allocation Failure) done
Event: 30.689 Executing VM operation: CollectForMetadataAllocation (Metadata GC Threshold)
Event: 30.718 Executing VM operation: CollectForMetadataAllocation (Metadata GC Threshold) done
Event: 30.838 Executing VM operation: HandshakeAllThreads (Deoptimize)
Event: 30.842 Executing VM operation: HandshakeAllThreads (Deoptimize) done
Event: 30.942 Executing VM operation: HandshakeAllThreads (Deoptimize)
Event: 30.943 Executing VM operation: HandshakeAllThreads (Deoptimize) done
Event: 31.954 Executing VM operation: Cleanup
Event: 32.018 Executing VM operation: Cleanup done
Event: 32.034 Executing VM operation: ParallelGCFailedAllocation (Allocation Failure)
Event: 32.051 Executing VM operation: ParallelGCFailedAllocation (Allocation Failure) done
Event: 32.062 Executing VM operation: HandshakeAllThreads (Deoptimize)
Event: 32.065 Executing VM operation: HandshakeAllThreads (Deoptimize) done
Event: 33.076 Executing VM operation: Cleanup

Memory protections (0 events):
No events

Nmethod flushes (20 events):
Event: 30.707 Thread 0x000002520bd724a0 flushing  nmethod 0x000002520f69ec90
Event: 30.707 Thread 0x000002520bd724a0 flushing  nmethod 0x000002520f6a1f10
Event: 30.707 Thread 0x000002520bd724a0 flushing  nmethod 0x000002520f6a2210
Event: 30.707 Thread 0x000002520bd724a0 flushing  nmethod 0x000002520f6e1390
Event: 30.707 Thread 0x000002520bd724a0 flushing  nmethod 0x000002520f6e1e10
Event: 30.707 Thread 0x000002520bd724a0 flushing  nmethod 0x000002520f6e2710
Event: 30.707 Thread 0x000002520bd724a0 flushing  nmethod 0x000002520f6e2f10
Event: 30.707 Thread 0x000002520bd724a0 flushing  nmethod 0x000002520f6e4110
Event: 30.707 Thread 0x000002520bd724a0 flushing  nmethod 0x000002520f6e4890
Event: 30.707 Thread 0x000002520bd724a0 flushing  nmethod 0x000002520f6e5e10
Event: 30.707 Thread 0x000002520bd724a0 flushing  nmethod 0x000002520f6e6310
Event: 30.707 Thread 0x000002520bd724a0 flushing  nmethod 0x000002520f6e6c10
Event: 30.707 Thread 0x000002520bd724a0 flushing  nmethod 0x000002520f6e8190
Event: 30.707 Thread 0x000002520bd724a0 flushing  nmethod 0x000002520f6e9c10
Event: 30.707 Thread 0x000002520bd724a0 flushing  nmethod 0x000002520f6eb690
Event: 30.707 Thread 0x000002520bd724a0 flushing  nmethod 0x000002520f72fb10
Event: 30.707 Thread 0x000002520bd724a0 flushing  nmethod 0x000002520f730610
Event: 30.707 Thread 0x000002520bd724a0 flushing  nmethod 0x000002520f736d10
Event: 30.707 Thread 0x000002520bd724a0 flushing  nmethod 0x000002520f758890
Event: 30.707 Thread 0x000002520bd724a0 flushing  nmethod 0x000002520f75e290

Events (20 events):
Event: 30.521 Thread 0x0000025209a7a210 Thread added: 0x000002526b352aa0
Event: 30.522 Thread 0x0000025209a7a210 Thread added: 0x000002526b352410
Event: 30.522 Thread 0x0000025209a7a210 Thread added: 0x000002526b34f620
Event: 30.522 Thread 0x0000025209a7a210 Thread added: 0x000002526b353130
Event: 30.522 Thread 0x0000025209a7a210 Thread added: 0x000002526b3537c0
Event: 30.522 Thread 0x0000025209a7a210 Thread added: 0x000002526b353e50
Event: 30.522 Thread 0x0000025209a7a210 Thread added: 0x000002526b3544e0
Event: 30.523 Thread 0x0000025209a7a210 Thread added: 0x000002526dc973d0
Event: 30.523 Thread 0x0000025209a7a210 Thread added: 0x000002526dc95990
Event: 30.523 Thread 0x0000025209a7a210 Thread added: 0x000002526dc97a60
Event: 30.523 Thread 0x0000025209a7a210 Thread added: 0x000002526dc994a0
Event: 30.523 Thread 0x0000025209a7a210 Thread added: 0x000002526dc96d40
Event: 30.523 Thread 0x0000025209a7a210 Thread added: 0x000002526dc98780
Event: 30.523 Thread 0x0000025209a7a210 Thread added: 0x000002526dc980f0
Event: 30.523 Thread 0x0000025209a7a210 Thread added: 0x000002526dc98e10
Event: 30.523 Thread 0x0000025209a7a210 Thread added: 0x000002526dc96020
Event: 30.524 Thread 0x0000025209a7a210 Thread added: 0x000002526dc99b30
Event: 30.552 Thread 0x0000025209a7a210 Thread added: 0x000002526dc966b0
Event: 32.055 Thread 0x0000025264c450d0 Thread added: 0x000002526dcc87a0
Event: 32.055 Thread 0x0000025264c450d0 Thread added: 0x000002526dcc7330


Dynamic libraries:
0x00007ff612010000 - 0x00007ff61201e000 	c:\Users\ljh\.antigravity\extensions\redhat.java-1.50.0-win32-x64\jre\21.0.9-win32-x86_64\bin\java.exe
0x00007ffbc5d20000 - 0x00007ffbc5f87000 	C:\WINDOWS\SYSTEM32\ntdll.dll
0x00007ffbc4810000 - 0x00007ffbc48d9000 	C:\WINDOWS\System32\KERNEL32.DLL
0x00007ffbc2e70000 - 0x00007ffbc325f000 	C:\WINDOWS\System32\KERNELBASE.dll
0x00007ffbc3460000 - 0x00007ffbc35ab000 	C:\WINDOWS\System32\ucrtbase.dll
0x00007ffb99200000 - 0x00007ffb9921e000 	c:\Users\ljh\.antigravity\extensions\redhat.java-1.50.0-win32-x64\jre\21.0.9-win32-x86_64\bin\VCRUNTIME140.dll
0x00007ffbace10000 - 0x00007ffbace28000 	c:\Users\ljh\.antigravity\extensions\redhat.java-1.50.0-win32-x64\jre\21.0.9-win32-x86_64\bin\jli.dll
0x00007ffbc4df0000 - 0x00007ffbc4fb5000 	C:\WINDOWS\System32\USER32.dll
0x00007ffba7800000 - 0x00007ffba7a93000 	C:\WINDOWS\WinSxS\amd64_microsoft.windows.common-controls_6595b64144ccf1df_6.0.26100.7309_none_3e05feeae336a044\COMCTL32.dll
0x00007ffbc3a90000 - 0x00007ffbc3ab7000 	C:\WINDOWS\System32\win32u.dll
0x00007ffbc4c70000 - 0x00007ffbc4c9b000 	C:\WINDOWS\System32\GDI32.dll
0x00007ffbc53f0000 - 0x00007ffbc5499000 	C:\WINDOWS\System32\msvcrt.dll
0x00007ffbc3270000 - 0x00007ffbc339c000 	C:\WINDOWS\System32\gdi32full.dll
0x00007ffbc39e0000 - 0x00007ffbc3a83000 	C:\WINDOWS\System32\msvcp_win.dll
0x00007ffbc4b10000 - 0x00007ffbc4b41000 	C:\WINDOWS\System32\IMM32.DLL
0x00007ffbaaac0000 - 0x00007ffbaaacc000 	c:\Users\ljh\.antigravity\extensions\redhat.java-1.50.0-win32-x64\jre\21.0.9-win32-x86_64\bin\vcruntime140_1.dll
0x00007ffb8f940000 - 0x00007ffb8f9cd000 	c:\Users\ljh\.antigravity\extensions\redhat.java-1.50.0-win32-x64\jre\21.0.9-win32-x86_64\bin\msvcp140.dll
0x00007ffadabf0000 - 0x00007ffadb990000 	c:\Users\ljh\.antigravity\extensions\redhat.java-1.50.0-win32-x64\jre\21.0.9-win32-x86_64\bin\server\jvm.dll
0x00007ffbc4a50000 - 0x00007ffbc4b04000 	C:\WINDOWS\System32\ADVAPI32.dll
0x00007ffbc4d20000 - 0x00007ffbc4dc6000 	C:\WINDOWS\System32\sechost.dll
0x00007ffbc4b50000 - 0x00007ffbc4c68000 	C:\WINDOWS\System32\RPCRT4.dll
0x00007ffbc3e50000 - 0x00007ffbc3ec4000 	C:\WINDOWS\System32\WS2_32.dll
0x00007ffbc2cd0000 - 0x00007ffbc2d2e000 	C:\WINDOWS\SYSTEM32\POWRPROF.dll
0x00007ffbb0940000 - 0x00007ffbb094b000 	C:\WINDOWS\SYSTEM32\VERSION.dll
0x00007ffbb7ea0000 - 0x00007ffbb7ed5000 	C:\WINDOWS\SYSTEM32\WINMM.dll
0x00007ffbc2cb0000 - 0x00007ffbc2cc4000 	C:\WINDOWS\SYSTEM32\UMPDC.dll
0x00007ffbc1b50000 - 0x00007ffbc1b6b000 	C:\WINDOWS\SYSTEM32\kernel.appcore.dll
0x00007ffbaa6d0000 - 0x00007ffbaa6da000 	c:\Users\ljh\.antigravity\extensions\redhat.java-1.50.0-win32-x64\jre\21.0.9-win32-x86_64\bin\jimage.dll
0x00007ffbc0510000 - 0x00007ffbc0752000 	C:\WINDOWS\SYSTEM32\DBGHELP.DLL
0x00007ffbc3ac0000 - 0x00007ffbc3e45000 	C:\WINDOWS\System32\combase.dll
0x00007ffbc4970000 - 0x00007ffbc4a46000 	C:\WINDOWS\System32\OLEAUT32.dll
0x00007ffba39c0000 - 0x00007ffba39fc000 	C:\WINDOWS\SYSTEM32\dbgcore.DLL
0x00007ffbc3930000 - 0x00007ffbc39d5000 	C:\WINDOWS\System32\bcryptPrimitives.dll
0x00007ffbbb0b0000 - 0x00007ffbbb0bf000 	c:\Users\ljh\.antigravity\extensions\redhat.java-1.50.0-win32-x64\jre\21.0.9-win32-x86_64\bin\instrument.dll
0x00007ffb978b0000 - 0x00007ffb978d0000 	c:\Users\ljh\.antigravity\extensions\redhat.java-1.50.0-win32-x64\jre\21.0.9-win32-x86_64\bin\java.dll
0x00007ffbc3ed0000 - 0x00007ffbc4623000 	C:\WINDOWS\System32\SHELL32.dll
0x00007ffbc37c0000 - 0x00007ffbc392a000 	C:\WINDOWS\System32\wintypes.dll
0x00007ffbc0a00000 - 0x00007ffbc125e000 	C:\WINDOWS\SYSTEM32\windows.storage.dll
0x00007ffbc5130000 - 0x00007ffbc5225000 	C:\WINDOWS\System32\SHCORE.dll
0x00007ffbc5370000 - 0x00007ffbc53d6000 	C:\WINDOWS\System32\shlwapi.dll
0x00007ffbc2d90000 - 0x00007ffbc2db9000 	C:\WINDOWS\SYSTEM32\profapi.dll
0x00007ffb97890000 - 0x00007ffb978a8000 	c:\Users\ljh\.antigravity\extensions\redhat.java-1.50.0-win32-x64\jre\21.0.9-win32-x86_64\bin\zip.dll
0x00007ffba6f80000 - 0x00007ffba6f90000 	C:\Users\ljh\.antigravity\extensions\redhat.java-1.50.0-win32-x64\jre\21.0.9-win32-x86_64\bin\net.dll
0x00007ffbb2160000 - 0x00007ffbb2288000 	C:\WINDOWS\SYSTEM32\WINHTTP.dll
0x00007ffbc2100000 - 0x00007ffbc216b000 	C:\WINDOWS\system32\mswsock.dll
0x00007ffb96620000 - 0x00007ffb96636000 	C:\Users\ljh\.antigravity\extensions\redhat.java-1.50.0-win32-x64\jre\21.0.9-win32-x86_64\bin\nio.dll
0x00007ffb95fe0000 - 0x00007ffb95ff0000 	c:\Users\ljh\.antigravity\extensions\redhat.java-1.50.0-win32-x64\jre\21.0.9-win32-x86_64\bin\verify.dll
0x00007ffb8f560000 - 0x00007ffb8f5a4000 	C:\Users\ljh\AppData\Roaming\Antigravity\User\globalStorage\redhat.java\1.50.0\config_win\org.eclipse.equinox.launcher\org.eclipse.equinox.launcher.win32.win32.x86_64_1.2.1400.v20250801-0854\eclipse_11916.dll
0x00007ffbc5990000 - 0x00007ffbc5b27000 	C:\WINDOWS\System32\ole32.dll
0x00007ffbc24f0000 - 0x00007ffbc250b000 	C:\WINDOWS\SYSTEM32\CRYPTSP.dll
0x00007ffbc1b10000 - 0x00007ffbc1b4a000 	C:\WINDOWS\system32\rsaenh.dll
0x00007ffbc21b0000 - 0x00007ffbc21db000 	C:\WINDOWS\SYSTEM32\USERENV.dll
0x00007ffbc2d60000 - 0x00007ffbc2d8a000 	C:\WINDOWS\SYSTEM32\bcrypt.dll
0x00007ffbc2350000 - 0x00007ffbc235c000 	C:\WINDOWS\SYSTEM32\CRYPTBASE.dll
0x00007ffbc16f0000 - 0x00007ffbc1724000 	C:\WINDOWS\SYSTEM32\IPHLPAPI.DLL
0x00007ffbc4de0000 - 0x00007ffbc4dea000 	C:\WINDOWS\System32\NSI.dll
0x00007ffb88a00000 - 0x00007ffb88a49000 	C:\Users\ljh\AppData\Local\Temp\jna-107178\jna6641408961174523957.dll
0x00007ffbc53e0000 - 0x00007ffbc53e8000 	C:\WINDOWS\System32\PSAPI.DLL
0x00007ffbb2360000 - 0x00007ffbb237e000 	C:\WINDOWS\SYSTEM32\dhcpcsvc6.DLL
0x00007ffbb2330000 - 0x00007ffbb2353000 	C:\WINDOWS\SYSTEM32\dhcpcsvc.DLL
0x00007ffb96610000 - 0x00007ffb9661e000 	C:\Users\ljh\.antigravity\extensions\redhat.java-1.50.0-win32-x64\jre\21.0.9-win32-x86_64\bin\sunmscapi.dll
0x00007ffbc3640000 - 0x00007ffbc37b7000 	C:\WINDOWS\System32\CRYPT32.dll
0x00007ffbc2640000 - 0x00007ffbc2670000 	C:\WINDOWS\SYSTEM32\ncrypt.dll
0x00007ffbc25f0000 - 0x00007ffbc262f000 	C:\WINDOWS\SYSTEM32\NTASN1.dll

JVMTI agents:
c:\Users\ljh\.antigravity\extensions\redhat.java-1.50.0-win32-x64\lombok\lombok-1.18.39-4050.jar path:c:\Users\ljh\.antigravity\extensions\redhat.java-1.50.0-win32-x64\jre\21.0.9-win32-x86_64\bin\instrument.dll, loaded, initialized, instrumentlib options:none

dbghelp: loaded successfully - version: 4.0.5 - missing functions: none
symbol engine: initialized successfully - sym options: 0x614 - pdb path: .;c:\Users\ljh\.antigravity\extensions\redhat.java-1.50.0-win32-x64\jre\21.0.9-win32-x86_64\bin;C:\WINDOWS\SYSTEM32;C:\WINDOWS\WinSxS\amd64_microsoft.windows.common-controls_6595b64144ccf1df_6.0.26100.7309_none_3e05feeae336a044;c:\Users\ljh\.antigravity\extensions\redhat.java-1.50.0-win32-x64\jre\21.0.9-win32-x86_64\bin\server;C:\Users\ljh\AppData\Roaming\Antigravity\User\globalStorage\redhat.java\1.50.0\config_win\org.eclipse.equinox.launcher\org.eclipse.equinox.launcher.win32.win32.x86_64_1.2.1400.v20250801-0854;C:\Users\ljh\AppData\Local\Temp\jna-107178

VM Arguments:
jvm_args: --add-modules=ALL-SYSTEM --add-opens=java.base/java.util=ALL-UNNAMED --add-opens=java.base/java.lang=ALL-UNNAMED --add-opens=java.base/sun.nio.fs=ALL-UNNAMED -Declipse.application=org.eclipse.jdt.ls.core.id1 -Dosgi.bundles.defaultStartLevel=4 -Declipse.product=org.eclipse.jdt.ls.core.product -Djava.import.generatesMetadataFilesAtProjectRoot=false -DDetectVMInstallationsJob.disabled=true -Dfile.encoding=utf8 -XX:+UseParallelGC -XX:GCTimeRatio=4 -XX:AdaptiveSizePolicyWeight=90 -Dsun.zip.disableMemoryMapping=true -Xmx2G -Xms100m -Xlog:disable -javaagent:c:\Users\ljh\.antigravity\extensions\redhat.java-1.50.0-win32-x64\lombok\lombok-1.18.39-4050.jar -XX:+HeapDumpOnOutOfMemoryError -XX:HeapDumpPath=c:\Users\ljh\AppData\Roaming\Antigravity\User\workspaceStorage\86527db7003fcf8ca02b002ac5f1bc19\redhat.java -Daether.dependencyCollector.impl=bf 
java_command: c:\Users\ljh\.antigravity\extensions\redhat.java-1.50.0-win32-x64\server\plugins\org.eclipse.equinox.launcher_1.7.100.v20251111-0406.jar -configuration c:\Users\ljh\AppData\Roaming\Antigravity\User\globalStorage\redhat.java\1.50.0\config_win -data c:\Users\ljh\AppData\Roaming\Antigravity\User\workspaceStorage\86527db7003fcf8ca02b002ac5f1bc19\redhat.java\jdt_ws --pipe=\\.\pipe\lsp-ecc752b2d7f93882b102c2d3ecf432fd-sock
java_class_path (initial): c:\Users\ljh\.antigravity\extensions\redhat.java-1.50.0-win32-x64\server\plugins\org.eclipse.equinox.launcher_1.7.100.v20251111-0406.jar
Launcher Type: SUN_STANDARD

[Global flags]
    uintx AdaptiveSizePolicyWeight                 = 90                                        {product} {command line}
     intx CICompilerCount                          = 12                                        {product} {ergonomic}
    uintx GCTimeRatio                              = 4                                         {product} {command line}
     bool HeapDumpOnOutOfMemoryError               = true                                   {manageable} {command line}
    ccstr HeapDumpPath                             = c:\Users\ljh\AppData\Roaming\Antigravity\User\workspaceStorage\86527db7003fcf8ca02b002ac5f1bc19\redhat.java         {manageable} {command line}
   size_t InitialHeapSize                          = 104857600                                 {product} {command line}
   size_t MaxHeapSize                              = 2147483648                                {product} {command line}
   size_t MaxNewSize                               = 715653120                                 {product} {ergonomic}
   size_t MinHeapDeltaBytes                        = 524288                                    {product} {ergonomic}
   size_t MinHeapSize                              = 104857600                                 {product} {command line}
   size_t NewSize                                  = 34603008                                  {product} {ergonomic}
    uintx NonNMethodCodeHeapSize                   = 7602480                                {pd product} {ergonomic}
    uintx NonProfiledCodeHeapSize                  = 122027880                              {pd product} {ergonomic}
   size_t OldSize                                  = 70254592                                  {product} {ergonomic}
    uintx ProfiledCodeHeapSize                     = 122027880                              {pd product} {ergonomic}
    uintx ReservedCodeCacheSize                    = 251658240                              {pd product} {ergonomic}
     bool SegmentedCodeCache                       = true                                      {product} {ergonomic}
   size_t SoftMaxHeapSize                          = 2147483648                             {manageable} {ergonomic}
     bool UseCompressedOops                        = true                           {product lp64_product} {ergonomic}
     bool UseLargePagesIndividualAllocation        = false                                  {pd product} {ergonomic}
     bool UseParallelGC                            = true                                      {product} {command line}

Logging:
Log output configuration:
 #0: stdout all=off uptime,level,tags foldmultilines=false
 #1: stderr all=off uptime,level,tags foldmultilines=false

Release file:
JAVA_VERSION="21.0.9" 
MODULES="java.base java.compiler java.datatransfer java.xml java.prefs java.desktop java.instrument java.logging java.management java.security.sasl java.naming java.rmi java.management.rmi java.net.http java.scripting java.security.jgss java.transaction.xa java.sql java.sql.rowset java.xml.crypto java.se java.smartcardio jdk.accessibility jdk.internal.jvmstat jdk.attach jdk.charsets jdk.internal.opt jdk.zipfs jdk.compiler jdk.crypto.ec jdk.crypto.cryptoki jdk.crypto.mscapi jdk.dynalink jdk.internal.ed jdk.editpad jdk.hotspot.agent jdk.httpserver jdk.internal.le jdk.internal.vm.ci jdk.internal.vm.compiler jdk.internal.vm.compiler.management jdk.jartool jdk.javadoc jdk.jcmd jdk.management jdk.management.agent jdk.jconsole jdk.jdeps jdk.jdwp.agent jdk.jdi jdk.jfr jdk.jshell jdk.jsobject jdk.jstatd jdk.localedata jdk.management.jfr jdk.naming.dns jdk.naming.rmi jdk.net jdk.nio.mapmode jdk.random jdk.sctp jdk.security.auth jdk.security.jgss jdk.unsupported jdk.unsupported.desktop jdk.xml.dom" 

Environment Variables:
JAVA_HOME=C:\Program Files\Eclipse Adoptium\jdk-17.0.16.8-hotspot
PATH=C:\Program Files\Eclipse Adoptium\jre-17.0.16.8-hotspot\bin;C:\Program Files\Eclipse Adoptium\jdk-17.0.16.8-hotspot\bin;C:\WINDOWS\system32;C:\WINDOWS;C:\WINDOWS\System32\Wbem;C:\WINDOWS\System32\WindowsPowerShell\v1.0\;C:\WINDOWS\System32\OpenSSH\;C:\Program Files\Git\cmd;C:\Program Files\WireGuard\;C:\Program Files\Amazon\AWSCLIV2\;C:\Program Files\Docker\Docker\resources\bin;C:\Program Files\PowerShell\7\;C:\Program Files\nodejs\;C:\Program Files (x86)\Pulse Secure\VC142.CRT\X64\;C:\Program Files (x86)\Pulse Secure\VC142.CRT\X86\;C:\Program Files (x86)\Common Files\Pulse Secure\TNC Client Plugin\;C:\Users\ljh\AppData\Local\Programs\Python\Python311\;C:\Users\ljh\AppData\Local\Programs\Python\Python311\scripts\;C:\Users\ljh\AppData\Local\Microsoft\WindowsApps;C:\Program Files\Eclipse Adoptium\jdk-17.0.16.8-hotspot\bin;C:\Users\ljh\AppData\Local\Programs\Antigravity\bin
USERNAME=ljh
OS=Windows_NT
PROCESSOR_IDENTIFIER=Intel64 Family 6 Model 186 Stepping 2, GenuineIntel
TMP=C:\Users\ljh\AppData\Local\Temp
TEMP=C:\Users\ljh\AppData\Local\Temp




Periodic native trim disabled

---------------  S Y S T E M  ---------------

OS:
 Windows 11 , 64 bit Build 26100 (10.0.26100.7309)
OS uptime: 6 days 1:42 hours
Hyper-V role detected

CPU: total 16 (initial active 16) (8 cores per cpu, 2 threads per core) family 6 model 186 stepping 2 microcode 0x410e, cx8, cmov, fxsr, ht, mmx, 3dnowpref, sse, sse2, sse3, ssse3, sse4.1, sse4.2, popcnt, lzcnt, tsc, tscinvbit, avx, avx2, aes, erms, clmul, bmi1, bmi2, adx, sha, fma, vzeroupper, clflush, clflushopt, clwb, hv, serialize, rdtscp, rdpid, fsrm, f16c, cet_ibt, cet_ss
Processor Information for processor 0
  Max Mhz: 2200, Current Mhz: 2200, Mhz Limit: 2200
Processor Information for processor 1
  Max Mhz: 2200, Current Mhz: 2200, Mhz Limit: 2200
Processor Information for processor 2
  Max Mhz: 2200, Current Mhz: 2200, Mhz Limit: 2200
Processor Information for processor 3
  Max Mhz: 2200, Current Mhz: 2200, Mhz Limit: 2200
Processor Information for processor 4
  Max Mhz: 2200, Current Mhz: 2200, Mhz Limit: 2200
Processor Information for processor 5
  Max Mhz: 2200, Current Mhz: 2200, Mhz Limit: 2200
Processor Information for processor 6
  Max Mhz: 2200, Current Mhz: 2200, Mhz Limit: 2200
Processor Information for processor 7
  Max Mhz: 2200, Current Mhz: 2200, Mhz Limit: 2200
Processor Information for processor 8
  Max Mhz: 2200, Current Mhz: 1600, Mhz Limit: 1584
Processor Information for processor 9
  Max Mhz: 2200, Current Mhz: 1600, Mhz Limit: 1584
Processor Information for processor 10
  Max Mhz: 2200, Current Mhz: 1600, Mhz Limit: 1584
Processor Information for processor 11
  Max Mhz: 2200, Current Mhz: 1600, Mhz Limit: 1584
Processor Information for processor 12
  Max Mhz: 2200, Current Mhz: 1600, Mhz Limit: 1584
Processor Information for processor 13
  Max Mhz: 2200, Current Mhz: 1600, Mhz Limit: 1584
Processor Information for processor 14
  Max Mhz: 2200, Current Mhz: 1600, Mhz Limit: 1584
Processor Information for processor 15
  Max Mhz: 2200, Current Mhz: 1600, Mhz Limit: 1584

Memory: 4k page, system-wide physical 16060M (2242M free)
TotalPageFile size 65212M (AvailPageFile size 10M)
current process WorkingSet (physical memory assigned to process): 217M, peak: 217M
current process commit charge ("private bytes"): 366M, peak: 368M

vm_info: OpenJDK 64-Bit Server VM (21.0.9+10-LTS) for windows-amd64 JRE (21.0.9+10-LTS), built on 2025-10-21T00:00:00Z by "admin" with unknown MS VC++:1942

END.
